<?xml version="1.0" encoding="UTF-8"?>
<!-- Generated by org.testng.reporters.JUnitReportReporter -->
<testsuite hostname="QSPTRAINER" failures="0" tests="1" name="com.crm.framework.LifeInsuranceManagement.CreateClientTest" time="8.026" errors="0" timestamp="2022-08-10T15:31:56 IST" skipped="0">
  <testcase classname="com.crm.framework.LifeInsuranceManagement.CreateClientTest" name="CreateClientTest1" time="8.026"/>
  <system-out/>
</testsuite> <!-- com.crm.framework.LifeInsuranceManagement.CreateClientTest -->
