<?xml version="1.0" encoding="UTF-8"?>
<!-- Generated by org.testng.reporters.JUnitReportReporter -->
<testsuite hostname="QSPTRAINER" failures="0" tests="1" name="com.crm.framework.LifeInsuranceManagement.VerificationNomineeTest" time="0.602" errors="0" timestamp="2022-08-10T16:34:38 IST" skipped="0">
  <testcase classname="com.crm.framework.LifeInsuranceManagement.VerificationNomineeTest" name="VerificationNomineeTest" time="0.602"/>
  <system-out/>
</testsuite> <!-- com.crm.framework.LifeInsuranceManagement.VerificationNomineeTest -->
